<?xml version="1.0" encoding="UTF-8"?>
<!-- Generated by org.testng.reporters.JUnitReportReporter -->
<testsuite hostname="DESKTOP-BUF4GB5" failures="0" tests="1" name="testCases.TC_002_LoginTest" time="1.469" errors="0" timestamp="2023-08-19T16:06:23 IST" skipped="0">
  <testcase classname="testCases.TC_002_LoginTest" name="test_login" time="1.469"/>
</testsuite> <!-- testCases.TC_002_LoginTest -->
