<?xml version="1.0" encoding="UTF-8"?>
<!-- Generated by org.testng.reporters.JUnitReportReporter -->
<testsuite hostname="DESKTOP-BUF4GB5" failures="0" tests="1" name="testCases.TC_001_AccRegistrationTest" time="2.124" errors="0" timestamp="2023-08-19T16:06:23 IST" skipped="0">
  <testcase classname="testCases.TC_001_AccRegistrationTest" name="test_account_Reg" time="2.124"/>
</testsuite> <!-- testCases.TC_001_AccRegistrationTest -->
